#
# Copyright (c) 2010 Nokia Corporation and/or its subsidiary(-ies).
# All rights reserved.
# This component and the accompanying materials are made available
# under the terms of "Eclipse Public License v1.0"
# which accompanies this distribution, and is available
# at the URL "http://www.eclipse.org/legal/epl-v10.html".
#
# Initial Contributors:
# Nokia Corporation - initial contribution.
#
# Contributors:
#
# Description: 
#

component	ana_testcreationandmgmt_svsguides_svsguide

source /src/tools/ana/testcreationandmgmt/svsguides/svsguide/com.nokia.svs_0.1.jar
source /src/tools/ana/testcreationandmgmt/svsguides/svsguide/group/svsguides.mrp
source /src/tools/ana/testcreationandmgmt/svsguides/svsguide/group/bld.inf

exports	/src/tools/ana/testcreationandmgmt/svsguides/svsguide/group

notes_source	\component_defs\release.src